{
  "RSpec": {
    "coverage": {
      "/Users/briangrant/Desktop/workspace-Epicodus/rails-independent/jobMate/spec/features/add_company_pages_spec.rb": [
        1,
        null,
        1,
        1,
        1,
        1,
        1,
        1,
        1,
        1,
        1,
        1,
        null,
        null,
        1,
        1,
        1,
        1,
        1,
        1,
        1,
        1,
        1,
        null,
        null
      ],
      "/Users/briangrant/Desktop/workspace-Epicodus/rails-independent/jobMate/spec/rails_helper.rb": [
        null,
        1,
        1,
        null,
        1,
        1,
        1,
        null,
        null,
        null,
        null,
        null,
        null,
        null,
        null,
        null,
        null,
        null,
        null,
        null,
        null,
        null,
        null,
        null,
        null,
        null,
        1,
        null,
        1,
        null,
        1,
        null,
        null,
        null,
        null,
        1,
        null,
        null,
        null,
        null,
        null,
        null,
        null,
        null,
        null,
        null,
        null,
        null,
        null,
        null,
        null,
        null,
        null,
        null,
        null,
        null,
        null,
        null,
        null,
        null,
        null,
        null,
        null,
        null,
        null,
        null,
        null,
        null,
        null,
        null,
        null,
        null,
        null,
        null,
        null,
        null,
        null,
        null,
        null,
        null,
        null,
        null,
        null,
        null,
        null,
        null,
        null,
        null,
        null,
        null,
        null,
        null,
        1,
        null,
        null,
        1,
        null,
        null,
        null,
        1,
        1,
        1,
        1,
        null,
        null
      ],
      "/Users/briangrant/Desktop/workspace-Epicodus/rails-independent/jobMate/config/environment.rb": [
        null,
        1,
        null,
        null,
        1
      ],
      "/Users/briangrant/Desktop/workspace-Epicodus/rails-independent/jobMate/config/application.rb": [
        1,
        null,
        1,
        null,
        1,
        1,
        1,
        1,
        1,
        1,
        1,
        1,
        null,
        null,
        null,
        null,
        1,
        null,
        1,
        1,
        null,
        null,
        null,
        null,
        null
      ],
      "/Users/briangrant/Desktop/workspace-Epicodus/rails-independent/jobMate/config/boot.rb": [
        1,
        null,
        1
      ],
      "/Users/briangrant/Desktop/workspace-Epicodus/rails-independent/jobMate/config/environments/test.rb": [
        1,
        null,
        null,
        null,
        null,
        null,
        null,
        1,
        null,
        null,
        null,
        null,
        1,
        null,
        null,
        1,
        1,
        null,
        null,
        null,
        null,
        1,
        1,
        null,
        null,
        1,
        null,
        null,
        1,
        1,
        null,
        null,
        null,
        null,
        1,
        null,
        null,
        1,
        null,
        null,
        null,
        null
      ],
      "/Users/briangrant/Desktop/workspace-Epicodus/rails-independent/jobMate/config/initializers/application_controller_renderer.rb": [
        null,
        null,
        null,
        null,
        null,
        null
      ],
      "/Users/briangrant/Desktop/workspace-Epicodus/rails-independent/jobMate/config/initializers/assets.rb": [
        null,
        null,
        null,
        1,
        null,
        null,
        null,
        null,
        null,
        null,
        null
      ],
      "/Users/briangrant/Desktop/workspace-Epicodus/rails-independent/jobMate/config/initializers/backtrace_silencers.rb": [
        null,
        null,
        null,
        null,
        null,
        null,
        null
      ],
      "/Users/briangrant/Desktop/workspace-Epicodus/rails-independent/jobMate/config/initializers/cookies_serializer.rb": [
        null,
        null,
        null,
        null,
        1
      ],
      "/Users/briangrant/Desktop/workspace-Epicodus/rails-independent/jobMate/config/initializers/filter_parameter_logging.rb": [
        null,
        null,
        null,
        1
      ],
      "/Users/briangrant/Desktop/workspace-Epicodus/rails-independent/jobMate/config/initializers/inflections.rb": [
        null,
        null,
        null,
        null,
        null,
        null,
        null,
        null,
        null,
        null,
        null,
        null,
        null,
        null,
        null,
        null
      ],
      "/Users/briangrant/Desktop/workspace-Epicodus/rails-independent/jobMate/config/initializers/mime_types.rb": [
        null,
        null,
        null,
        null
      ],
      "/Users/briangrant/Desktop/workspace-Epicodus/rails-independent/jobMate/config/initializers/new_framework_defaults.rb": [
        null,
        null,
        null,
        null,
        null,
        null,
        null,
        1,
        null,
        null,
        1,
        null,
        null,
        null,
        1,
        null,
        null,
        1,
        null,
        null,
        1,
        null,
        null,
        1
      ],
      "/Users/briangrant/Desktop/workspace-Epicodus/rails-independent/jobMate/config/initializers/session_store.rb": [
        null,
        null,
        1
      ],
      "/Users/briangrant/Desktop/workspace-Epicodus/rails-independent/jobMate/config/initializers/wrap_parameters.rb": [
        null,
        null,
        null,
        null,
        null,
        null,
        1,
        2,
        null,
        null,
        null,
        null,
        null,
        null
      ],
      "/Users/briangrant/Desktop/workspace-Epicodus/rails-independent/jobMate/spec/factories.rb": [
        1,
        1,
        1,
        1,
        null,
        null,
        1,
        1,
        1,
        1,
        null,
        1,
        1,
        1,
        null,
        null,
        null,
        null,
        1,
        1,
        1,
        1,
        1,
        1,
        1,
        1,
        null,
        null,
        1,
        1,
        1,
        1,
        1,
        1,
        null,
        null
      ],
      "/Users/briangrant/Desktop/workspace-Epicodus/rails-independent/jobMate/config/routes.rb": [
        1,
        1,
        1,
        1,
        1,
        null,
        1,
        1,
        1,
        null
      ],
      "/Users/briangrant/Desktop/workspace-Epicodus/rails-independent/jobMate/app/helpers/application_helper.rb": [
        1,
        null
      ],
      "/Users/briangrant/Desktop/workspace-Epicodus/rails-independent/jobMate/spec/features/add_contact_pages_spec.rb": [
        1,
        null,
        1,
        1,
        1,
        1,
        1,
        1,
        1,
        1,
        1,
        1,
        1,
        1,
        1,
        1,
        null,
        null,
        1,
        1,
        1,
        1,
        1,
        1,
        1,
        1,
        1,
        1,
        1,
        1,
        1,
        null,
        null
      ],
      "/Users/briangrant/Desktop/workspace-Epicodus/rails-independent/jobMate/spec/features/add_job_pages_spec.rb": [
        1,
        null,
        1,
        1,
        1,
        1,
        1,
        1,
        1,
        1,
        1,
        1,
        1,
        1,
        1,
        1,
        null,
        null,
        1,
        1,
        1,
        1,
        1,
        1,
        1,
        1,
        1,
        1,
        1,
        1,
        1,
        null,
        null
      ],
      "/Users/briangrant/Desktop/workspace-Epicodus/rails-independent/jobMate/spec/features/delete_company_pages_spec.rb": [
        1,
        null,
        1,
        1,
        1,
        1,
        1,
        1,
        1,
        null,
        null,
        null
      ],
      "/Users/briangrant/Desktop/workspace-Epicodus/rails-independent/jobMate/spec/features/delete_contact_pages_spec.rb": [
        1,
        null,
        1,
        1,
        1,
        1,
        1,
        1,
        1,
        1,
        1,
        null,
        null
      ],
      "/Users/briangrant/Desktop/workspace-Epicodus/rails-independent/jobMate/spec/features/delete_job_pages_spec.rb": [
        1,
        null,
        1,
        1,
        1,
        1,
        1,
        1,
        1,
        1,
        null,
        null,
        null
      ],
      "/Users/briangrant/Desktop/workspace-Epicodus/rails-independent/jobMate/spec/features/edit_company_pages_spec.rb": [
        1,
        null,
        1,
        1,
        1,
        1,
        1,
        1,
        1,
        1,
        1,
        null,
        null,
        1,
        1,
        1,
        1,
        1,
        1,
        1,
        1,
        null,
        null
      ],
      "/Users/briangrant/Desktop/workspace-Epicodus/rails-independent/jobMate/spec/features/edit_contact_pages_spec.rb": [
        1,
        null,
        1,
        1,
        1,
        1,
        1,
        1,
        1,
        1,
        1,
        1,
        1,
        1,
        1,
        1,
        1,
        1,
        1,
        null,
        null
      ],
      "/Users/briangrant/Desktop/workspace-Epicodus/rails-independent/jobMate/spec/features/edit_job_pages_spec.rb": [
        1,
        null,
        1,
        1,
        1,
        1,
        1,
        1,
        1,
        1,
        1,
        1,
        1,
        1,
        1,
        1,
        1,
        null,
        null,
        1,
        1,
        1,
        1,
        1,
        1,
        1,
        1,
        1,
        1,
        1,
        1,
        1,
        1,
        null,
        null
      ],
      "/Users/briangrant/Desktop/workspace-Epicodus/rails-independent/jobMate/spec/models/company_spec.rb": [
        1,
        null,
        1,
        2,
        2,
        2,
        2,
        2,
        null
      ],
      "/Users/briangrant/Desktop/workspace-Epicodus/rails-independent/jobMate/app/models/company.rb": [
        1,
        1,
        1,
        1,
        null
      ],
      "/Users/briangrant/Desktop/workspace-Epicodus/rails-independent/jobMate/spec/models/contact_spec.rb": [
        1,
        null,
        1,
        2,
        2,
        2,
        2,
        2,
        2,
        2,
        2,
        2,
        null
      ],
      "/Users/briangrant/Desktop/workspace-Epicodus/rails-independent/jobMate/app/models/contact.rb": [
        1,
        1,
        1,
        1,
        null
      ],
      "/Users/briangrant/Desktop/workspace-Epicodus/rails-independent/jobMate/spec/models/job_spec.rb": [
        1,
        null,
        1,
        2,
        2,
        2,
        2,
        2,
        2,
        2,
        null
      ],
      "/Users/briangrant/Desktop/workspace-Epicodus/rails-independent/jobMate/app/models/job.rb": [
        1,
        1,
        1,
        1,
        null
      ],
      "/Users/briangrant/Desktop/workspace-Epicodus/rails-independent/jobMate/spec/models/quote_spec.rb": [
        1,
        null,
        1,
        2,
        2,
        null
      ],
      "/Users/briangrant/Desktop/workspace-Epicodus/rails-independent/jobMate/app/models/quote.rb": [
        1,
        1,
        null
      ],
      "/Users/briangrant/Desktop/workspace-Epicodus/rails-independent/jobMate/app/controllers/companies_controller.rb": [
        1,
        null,
        1,
        7,
        7,
        7,
        7,
        null,
        null,
        1,
        11,
        11,
        null,
        null,
        1,
        2,
        null,
        null,
        1,
        2,
        2,
        1,
        1,
        null,
        1,
        null,
        null,
        null,
        1,
        2,
        null,
        null,
        1,
        2,
        2,
        1,
        1,
        null,
        1,
        null,
        null,
        null,
        1,
        1,
        1,
        1,
        null,
        null,
        1,
        1,
        4,
        null,
        null,
        null
      ],
      "/Users/briangrant/Desktop/workspace-Epicodus/rails-independent/jobMate/app/controllers/application_controller.rb": [
        1,
        1,
        null
      ],
      "/Users/briangrant/Desktop/workspace-Epicodus/rails-independent/jobMate/app/controllers/contacts_controller.rb": [
        1,
        null,
        1,
        0,
        null,
        null,
        1,
        4,
        4,
        null,
        null,
        1,
        2,
        2,
        2,
        null,
        null,
        1,
        2,
        2,
        2,
        2,
        1,
        null,
        1,
        null,
        null,
        null,
        1,
        1,
        1,
        1,
        null,
        null,
        1,
        1,
        1,
        1,
        1,
        1,
        null,
        0,
        null,
        null,
        null,
        1,
        1,
        1,
        1,
        1,
        1,
        null,
        null,
        1,
        1,
        3,
        null,
        null,
        null
      ],
      "/Users/briangrant/Desktop/workspace-Epicodus/rails-independent/jobMate/app/controllers/jobs_controller.rb": [
        1,
        null,
        1,
        0,
        null,
        null,
        1,
        3,
        3,
        null,
        null,
        1,
        2,
        2,
        2,
        null,
        null,
        1,
        2,
        2,
        2,
        2,
        1,
        null,
        1,
        null,
        null,
        null,
        1,
        2,
        2,
        2,
        2,
        null,
        null,
        1,
        2,
        2,
        2,
        2,
        1,
        null,
        1,
        null,
        null,
        null,
        1,
        1,
        1,
        1,
        1,
        null,
        null,
        1,
        1,
        4,
        null,
        null,
        null
      ]
    },
    "timestamp": 1474008615
  }
}
