{
  "RSpec": {
    "coverage": {
      "/Users/briangrant/Desktop/workspace-Epicodus/rails-independent/test/jobMate/spec/features/add_company_pages_spec.rb": [
        1,
        null,
        1,
        1,
        1,
        1,
        1,
        1,
        1,
        1,
        1,
        1,
        1,
        1,
        1,
        1,
        null,
        null,
        null,
        1,
        1,
        1,
        1,
        1,
        1,
        1,
        1,
        1,
        1,
        1,
        null,
        null
      ],
      "/Users/briangrant/Desktop/workspace-Epicodus/rails-independent/test/jobMate/spec/rails_helper.rb": [
        null,
        1,
        1,
        null,
        1,
        1,
        1,
        1,
        1,
        1,
        1,
        1,
        1,
        null,
        null,
        null,
        null,
        null,
        null,
        null,
        null,
        null,
        null,
        null,
        null,
        null,
        null,
        null,
        null,
        null,
        null,
        null,
        1,
        null,
        1,
        null,
        1,
        null,
        null,
        null,
        null,
        1,
        null,
        1,
        1,
        null,
        null,
        1,
        43,
        43,
        null,
        null,
        null,
        1,
        null,
        1,
        null,
        1,
        1,
        1,
        1,
        null,
        null,
        null,
        null,
        null,
        null,
        null,
        null,
        null,
        null,
        null,
        null,
        null,
        null,
        null,
        null,
        1,
        null,
        null,
        1,
        null,
        null,
        1,
        null,
        1,
        43,
        null,
        null,
        1,
        1,
        1,
        1,
        null,
        null
      ],
      "/Users/briangrant/Desktop/workspace-Epicodus/rails-independent/test/jobMate/config/environment.rb": [
        null,
        1,
        null,
        null,
        1
      ],
      "/Users/briangrant/Desktop/workspace-Epicodus/rails-independent/test/jobMate/config/application.rb": [
        1,
        null,
        1,
        null,
        1,
        1,
        1,
        1,
        1,
        1,
        1,
        1,
        null,
        null,
        null,
        null,
        1,
        null,
        1,
        1,
        null,
        null,
        null,
        null,
        null
      ],
      "/Users/briangrant/Desktop/workspace-Epicodus/rails-independent/test/jobMate/config/boot.rb": [
        1,
        null,
        1
      ],
      "/Users/briangrant/Desktop/workspace-Epicodus/rails-independent/test/jobMate/config/spring.rb": [
        null,
        null,
        null,
        null,
        null,
        5
      ],
      "/Users/briangrant/Desktop/workspace-Epicodus/rails-independent/test/jobMate/config/environments/test.rb": [
        1,
        null,
        null,
        null,
        null,
        null,
        null,
        1,
        null,
        null,
        null,
        null,
        1,
        null,
        null,
        1,
        1,
        null,
        null,
        null,
        null,
        1,
        1,
        null,
        null,
        1,
        null,
        null,
        1,
        1,
        null,
        null,
        null,
        null,
        1,
        null,
        null,
        1,
        null,
        null,
        null,
        null
      ],
      "/Users/briangrant/Desktop/workspace-Epicodus/rails-independent/test/jobMate/config/initializers/application_controller_renderer.rb": [
        null,
        null,
        null,
        null,
        null,
        null
      ],
      "/Users/briangrant/Desktop/workspace-Epicodus/rails-independent/test/jobMate/config/initializers/assets.rb": [
        null,
        null,
        null,
        1,
        null,
        null,
        null,
        null,
        null,
        null,
        null
      ],
      "/Users/briangrant/Desktop/workspace-Epicodus/rails-independent/test/jobMate/config/initializers/backtrace_silencers.rb": [
        null,
        null,
        null,
        null,
        null,
        null,
        null
      ],
      "/Users/briangrant/Desktop/workspace-Epicodus/rails-independent/test/jobMate/config/initializers/cookies_serializer.rb": [
        null,
        null,
        null,
        null,
        1
      ],
      "/Users/briangrant/Desktop/workspace-Epicodus/rails-independent/test/jobMate/config/initializers/devise.rb": [
        null,
        null,
        1,
        null,
        null,
        null,
        null,
        null,
        null,
        null,
        null,
        null,
        null,
        null,
        1,
        null,
        null,
        null,
        null,
        null,
        null,
        null,
        null,
        null,
        null,
        null,
        1,
        null,
        null,
        null,
        null,
        null,
        null,
        null,
        null,
        null,
        null,
        null,
        null,
        null,
        null,
        null,
        null,
        null,
        null,
        null,
        null,
        null,
        1,
        null,
        null,
        null,
        null,
        1,
        null,
        null,
        null,
        null,
        null,
        null,
        null,
        null,
        null,
        null,
        null,
        null,
        null,
        null,
        null,
        null,
        null,
        null,
        null,
        null,
        null,
        null,
        null,
        null,
        null,
        null,
        null,
        null,
        null,
        null,
        1,
        null,
        null,
        null,
        null,
        null,
        null,
        null,
        null,
        null,
        null,
        null,
        null,
        null,
        null,
        null,
        null,
        null,
        null,
        null,
        null,
        null,
        null,
        1,
        null,
        null,
        null,
        null,
        null,
        null,
        null,
        null,
        null,
        null,
        null,
        null,
        null,
        null,
        null,
        null,
        null,
        null,
        null,
        null,
        null,
        null,
        null,
        null,
        null,
        null,
        null,
        1,
        null,
        null,
        null,
        null,
        null,
        null,
        null,
        null,
        null,
        1,
        null,
        null,
        null,
        null,
        null,
        null,
        null,
        null,
        null,
        null,
        1,
        null,
        null,
        null,
        null,
        1,
        null,
        null,
        null,
        null,
        null,
        null,
        null,
        null,
        null,
        null,
        null,
        null,
        null,
        null,
        null,
        null,
        null,
        null,
        null,
        null,
        null,
        null,
        null,
        null,
        null,
        null,
        null,
        null,
        null,
        null,
        null,
        null,
        null,
        null,
        null,
        null,
        null,
        null,
        null,
        null,
        1,
        null,
        null,
        null,
        null,
        null,
        null,
        null,
        null,
        null,
        null,
        null,
        null,
        null,
        null,
        null,
        null,
        null,
        null,
        null,
        1,
        null,
        null,
        null,
        null,
        null,
        null,
        null,
        null,
        null,
        null,
        null,
        null,
        null,
        null,
        null,
        null,
        null,
        null,
        null,
        null,
        null,
        1,
        null,
        null,
        null,
        null,
        null,
        null,
        null,
        null,
        null,
        null,
        null,
        null,
        null,
        null,
        null,
        null,
        null,
        null,
        null,
        null,
        null,
        null,
        null,
        null,
        null,
        null,
        null,
        null,
        null
      ],
      "/Users/briangrant/Desktop/workspace-Epicodus/rails-independent/test/jobMate/config/initializers/filter_parameter_logging.rb": [
        null,
        null,
        null,
        1
      ],
      "/Users/briangrant/Desktop/workspace-Epicodus/rails-independent/test/jobMate/config/initializers/inflections.rb": [
        null,
        null,
        null,
        null,
        null,
        null,
        null,
        null,
        null,
        null,
        null,
        null,
        null,
        null,
        null,
        null
      ],
      "/Users/briangrant/Desktop/workspace-Epicodus/rails-independent/test/jobMate/config/initializers/mime_types.rb": [
        null,
        null,
        null,
        null,
        null,
        1,
        1,
        1,
        1
      ],
      "/Users/briangrant/Desktop/workspace-Epicodus/rails-independent/test/jobMate/config/initializers/new_framework_defaults.rb": [
        null,
        null,
        null,
        null,
        null,
        null,
        null,
        1,
        null,
        null,
        1,
        null,
        null,
        null,
        1,
        null,
        null,
        1,
        null,
        null,
        1,
        null,
        null,
        1
      ],
      "/Users/briangrant/Desktop/workspace-Epicodus/rails-independent/test/jobMate/config/initializers/session_store.rb": [
        null,
        null,
        1
      ],
      "/Users/briangrant/Desktop/workspace-Epicodus/rails-independent/test/jobMate/config/initializers/wrap_parameters.rb": [
        null,
        null,
        null,
        null,
        null,
        null,
        1,
        2,
        null,
        null,
        null,
        null,
        null,
        null
      ],
      "/Users/briangrant/Desktop/workspace-Epicodus/rails-independent/test/jobMate/app/helpers/application_helper.rb": [
        1,
        1,
        16,
        16,
        16,
        16,
        null,
        null,
        1,
        6,
        6,
        690,
        null,
        null
      ],
      "/Users/briangrant/Desktop/workspace-Epicodus/rails-independent/test/jobMate/spec/factories.rb": [
        1,
        1,
        1,
        1,
        null,
        1,
        1,
        1,
        null,
        null,
        1,
        1,
        1,
        1,
        1,
        1,
        1,
        null,
        1,
        1,
        1,
        null,
        null,
        null,
        null,
        1,
        1,
        1,
        1,
        1,
        1,
        1,
        1,
        null,
        null,
        1,
        1,
        1,
        1,
        1,
        1,
        null,
        null
      ],
      "/Users/briangrant/Desktop/workspace-Epicodus/rails-independent/test/jobMate/config/routes.rb": [
        1,
        1,
        1,
        1,
        1,
        1,
        null,
        null,
        1,
        1,
        1,
        null
      ],
      "/Users/briangrant/Desktop/workspace-Epicodus/rails-independent/test/jobMate/app/models/user.rb": [
        1,
        null,
        null,
        1,
        1,
        1,
        null,
        1,
        null,
        null
      ],
      "/Users/briangrant/Desktop/workspace-Epicodus/rails-independent/test/jobMate/app/models/application_record.rb": [
        1,
        1,
        null
      ],
      "/Users/briangrant/Desktop/workspace-Epicodus/rails-independent/test/jobMate/spec/features/add_contact_pages_spec.rb": [
        1,
        null,
        1,
        1,
        1,
        1,
        1,
        1,
        1,
        1,
        1,
        1,
        1,
        1,
        1,
        1,
        1,
        1,
        null,
        null,
        1,
        1,
        1,
        1,
        1,
        1,
        1,
        1,
        1,
        1,
        1,
        1,
        1,
        1,
        1,
        null,
        null
      ],
      "/Users/briangrant/Desktop/workspace-Epicodus/rails-independent/test/jobMate/spec/features/add_job_pages_spec.rb": [
        1,
        null,
        1,
        1,
        1,
        1,
        1,
        1,
        1,
        1,
        1,
        1,
        1,
        1,
        1,
        1,
        1,
        1,
        null,
        null,
        1,
        1,
        1,
        1,
        1,
        1,
        1,
        1,
        1,
        1,
        1,
        1,
        1,
        1,
        1,
        null,
        null
      ],
      "/Users/briangrant/Desktop/workspace-Epicodus/rails-independent/test/jobMate/spec/features/delete_company_pages_spec.rb": [
        1,
        null,
        1,
        1,
        1,
        1,
        1,
        1,
        1,
        1,
        1,
        null,
        null,
        null
      ],
      "/Users/briangrant/Desktop/workspace-Epicodus/rails-independent/test/jobMate/spec/features/delete_contact_pages_spec.rb": [
        1,
        null,
        1,
        1,
        1,
        1,
        1,
        1,
        1,
        1,
        1,
        1,
        1,
        null,
        null
      ],
      "/Users/briangrant/Desktop/workspace-Epicodus/rails-independent/test/jobMate/spec/features/delete_job_pages_spec.rb": [
        1,
        null,
        1,
        1,
        1,
        1,
        1,
        1,
        1,
        1,
        1,
        1,
        null,
        null,
        null
      ],
      "/Users/briangrant/Desktop/workspace-Epicodus/rails-independent/test/jobMate/spec/features/edit_company_pages_spec.rb": [
        1,
        null,
        1,
        1,
        1,
        1,
        1,
        1,
        1,
        1,
        1,
        1,
        1,
        null,
        null,
        1,
        1,
        1,
        1,
        1,
        1,
        1,
        1,
        1,
        1,
        null,
        null
      ],
      "/Users/briangrant/Desktop/workspace-Epicodus/rails-independent/test/jobMate/spec/features/edit_contact_pages_spec.rb": [
        1,
        null,
        1,
        1,
        1,
        1,
        1,
        1,
        1,
        1,
        1,
        1,
        1,
        1,
        1,
        1,
        1,
        1,
        1,
        1,
        1,
        null,
        1,
        1,
        1,
        1,
        1,
        1,
        1,
        1,
        1,
        1,
        1,
        1,
        1,
        1,
        1,
        1,
        1,
        1,
        null,
        null
      ],
      "/Users/briangrant/Desktop/workspace-Epicodus/rails-independent/test/jobMate/spec/features/edit_job_pages_spec.rb": [
        1,
        null,
        1,
        1,
        1,
        1,
        1,
        1,
        1,
        1,
        1,
        1,
        1,
        1,
        1,
        1,
        1,
        1,
        1,
        null,
        null,
        1,
        1,
        1,
        1,
        1,
        1,
        1,
        1,
        1,
        1,
        1,
        1,
        1,
        1,
        1,
        1,
        null,
        null
      ],
      "/Users/briangrant/Desktop/workspace-Epicodus/rails-independent/test/jobMate/spec/features/search_jobs_pages_spec.rb": [
        1,
        null,
        1,
        1,
        1,
        1,
        1,
        1,
        1,
        1,
        1,
        1,
        1,
        1,
        1,
        1,
        1,
        1,
        1,
        null,
        1,
        1,
        1,
        1,
        1,
        1,
        1,
        1,
        1,
        1,
        1,
        1,
        1,
        1,
        1,
        null,
        null,
        1,
        1,
        1,
        1,
        1,
        1,
        1,
        1,
        1,
        1,
        1,
        1,
        1,
        1,
        1,
        null,
        null
      ],
      "/Users/briangrant/Desktop/workspace-Epicodus/rails-independent/test/jobMate/spec/features/show_companies_not_auth_pages_spec.rb": [
        1,
        null,
        1,
        1,
        1,
        1,
        1,
        1,
        1,
        null,
        null
      ],
      "/Users/briangrant/Desktop/workspace-Epicodus/rails-independent/test/jobMate/spec/features/show_jobs_pages_spec.rb": [
        1,
        null,
        1,
        1,
        1,
        1,
        1,
        1,
        1,
        1,
        1,
        1,
        1,
        null,
        null
      ],
      "/Users/briangrant/Desktop/workspace-Epicodus/rails-independent/test/jobMate/spec/models/company_spec.rb": [
        1,
        null,
        1,
        2,
        2,
        2,
        2,
        2,
        null
      ],
      "/Users/briangrant/Desktop/workspace-Epicodus/rails-independent/test/jobMate/app/models/company.rb": [
        1,
        1,
        1,
        1,
        1,
        1,
        null,
        1,
        1,
        22,
        22,
        0,
        0,
        0,
        null,
        null,
        null,
        null,
        0,
        0,
        0,
        0,
        0,
        0,
        0,
        0,
        0,
        0,
        0,
        0,
        0,
        0,
        0,
        null,
        null,
        null,
        null
      ],
      "/Users/briangrant/Desktop/workspace-Epicodus/rails-independent/test/jobMate/spec/models/contact_spec.rb": [
        1,
        null,
        1,
        2,
        2,
        2,
        2,
        2,
        2,
        2,
        2,
        2,
        null
      ],
      "/Users/briangrant/Desktop/workspace-Epicodus/rails-independent/test/jobMate/app/models/contact.rb": [
        1,
        1,
        1,
        1,
        1,
        null
      ],
      "/Users/briangrant/Desktop/workspace-Epicodus/rails-independent/test/jobMate/spec/models/job_spec.rb": [
        1,
        null,
        1,
        2,
        2,
        2,
        2,
        2,
        2,
        2,
        null
      ],
      "/Users/briangrant/Desktop/workspace-Epicodus/rails-independent/test/jobMate/app/models/job.rb": [
        1,
        1,
        1,
        1,
        1,
        1,
        1,
        1,
        1,
        null,
        1,
        19,
        1,
        18,
        1,
        17,
        1,
        null,
        16,
        null,
        null,
        null
      ],
      "/Users/briangrant/Desktop/workspace-Epicodus/rails-independent/test/jobMate/spec/models/quote_spec.rb": [
        1,
        null,
        1,
        2,
        2,
        null
      ],
      "/Users/briangrant/Desktop/workspace-Epicodus/rails-independent/test/jobMate/app/models/quote.rb": [
        1,
        1,
        null
      ],
      "/Users/briangrant/Desktop/workspace-Epicodus/rails-independent/test/jobMate/spec/models/user_spec.rb": [
        1,
        null,
        1,
        1,
        null
      ],
      "/Users/briangrant/Desktop/workspace-Epicodus/rails-independent/test/jobMate/app/controllers/companies_controller.rb": [
        1,
        1,
        1,
        1,
        5,
        4,
        null,
        1,
        null,
        null,
        null,
        1,
        9,
        9,
        null,
        null,
        1,
        2,
        null,
        null,
        1,
        2,
        2,
        2,
        1,
        1,
        null,
        1,
        null,
        null,
        null,
        1,
        2,
        null,
        null,
        1,
        2,
        2,
        2,
        1,
        1,
        null,
        1,
        null,
        null,
        null,
        1,
        1,
        1,
        1,
        null,
        null,
        1,
        1,
        4,
        null,
        null,
        null
      ],
      "/Users/briangrant/Desktop/workspace-Epicodus/rails-independent/test/jobMate/app/controllers/application_controller.rb": [
        1,
        1,
        null
      ],
      "/Users/briangrant/Desktop/workspace-Epicodus/rails-independent/test/jobMate/app/controllers/contacts_controller.rb": [
        1,
        1,
        null,
        1,
        4,
        null,
        null,
        1,
        5,
        null,
        null,
        1,
        2,
        2,
        null,
        null,
        1,
        2,
        2,
        2,
        2,
        1,
        null,
        1,
        1,
        null,
        null,
        null,
        1,
        2,
        2,
        2,
        null,
        null,
        1,
        2,
        2,
        2,
        1,
        1,
        null,
        1,
        1,
        null,
        null,
        null,
        1,
        1,
        1,
        1,
        1,
        null,
        null,
        1,
        1,
        4,
        null,
        null,
        null
      ],
      "/Users/briangrant/Desktop/workspace-Epicodus/rails-independent/test/jobMate/app/controllers/jobs_controller.rb": [
        1,
        1,
        1,
        1,
        1,
        19,
        19,
        19,
        1,
        1,
        null,
        1,
        null,
        1,
        null,
        19,
        19,
        19,
        19,
        null,
        null,
        null,
        1,
        4,
        4,
        null,
        null,
        1,
        2,
        2,
        2,
        null,
        null,
        1,
        2,
        2,
        2,
        2,
        2,
        1,
        null,
        1,
        null,
        null,
        null,
        1,
        2,
        2,
        2,
        2,
        2,
        2,
        2,
        null,
        null,
        1,
        2,
        2,
        2,
        2,
        2,
        1,
        null,
        1,
        null,
        null,
        null,
        1,
        1,
        1,
        1,
        1,
        null,
        null,
        1,
        1,
        35,
        null,
        null,
        1,
        23,
        null,
        1,
        1,
        4,
        null,
        null,
        null
      ],
      "/Users/briangrant/Desktop/workspace-Epicodus/rails-independent/test/jobMate/app/controllers/landing_controller.rb": [
        1,
        1,
        1,
        null,
        null
      ]
    },
    "timestamp": 1475276778
  }
}
